<?xml version="1.0" encoding="UTF-8"?>
<!-- Generated by org.testng.reporters.JUnitReportReporter -->
<testsuite hostname="LAPTOP-EKHVOIMF" failures="0" tests="1" name="scripts.To_Verify_The_Customer_login_with_ValidData" time="9.602" errors="0" timestamp="2023-12-02T11:07:46 IST" skipped="0">
  <testcase classname="scripts.To_Verify_The_Customer_login_with_ValidData" name="tc4" time="9.602"/>
  <system-out/>
</testsuite> <!-- scripts.To_Verify_The_Customer_login_with_ValidData -->
