<?xml version="1.0" encoding="UTF-8"?>
<!-- Generated by org.testng.reporters.JUnitReportReporter -->
<testsuite hostname="LAPTOP-EKHVOIMF" failures="0" tests="1" name="scripts.ToVerifyThatUserAddProductToWishlist" time="15.703" errors="0" timestamp="2023-11-28T22:23:35 IST" skipped="0">
  <testcase classname="scripts.ToVerifyThatUserAddProductToWishlist" name="tc5" time="15.703"/>
  <system-out/>
</testsuite> <!-- scripts.ToVerifyThatUserAddProductToWishlist -->
