<?xml version="1.0" encoding="UTF-8"?>
<!-- Generated by org.testng.reporters.JUnitReportReporter -->
<testsuite hostname="LAPTOP-EKHVOIMF" failures="0" tests="1" name="scripts.openUserRagisterPage" time="16.213" errors="0" timestamp="2023-11-27T15:57:04 IST" skipped="0">
  <testcase classname="scripts.openUserRagisterPage" name="tc1" time="16.213"/>
  <system-out/>
</testsuite> <!-- scripts.openUserRagisterPage -->
