<?xml version="1.0" encoding="UTF-8"?>
<!-- Generated by org.testng.reporters.JUnitReportReporter -->
<testsuite hostname="LAPTOP-EKHVOIMF" failures="0" tests="1" name="scripts.ToVerifyThatRaisterPageIsDisplayed" time="8.104" errors="0" timestamp="2023-12-02T11:07:46 IST" skipped="0">
  <testcase classname="scripts.ToVerifyThatRaisterPageIsDisplayed" name="tc1" time="8.104"/>
  <system-out/>
</testsuite> <!-- scripts.ToVerifyThatRaisterPageIsDisplayed -->
