<?xml version="1.0" encoding="UTF-8"?>
<!-- Generated by org.testng.reporters.JUnitReportReporter -->
<testsuite hostname="LAPTOP-EKHVOIMF" failures="0" tests="1" name="scripts.To_Varify_Ragister_User" time="15.109" errors="0" timestamp="2023-11-28T21:08:20 IST" skipped="0">
  <testcase classname="scripts.To_Varify_Ragister_User" name="tc1" time="15.109"/>
  <system-out/>
</testsuite> <!-- scripts.To_Varify_Ragister_User -->
