<?xml version="1.0" encoding="UTF-8"?>
<!-- Generated by org.testng.reporters.JUnitReportReporter -->
<testsuite hostname="LAPTOP-EKHVOIMF" failures="0" tests="1" name="scripts.ToVerifyThatUserAddProductToWishlist" time="10.619" errors="0" timestamp="2023-12-02T11:07:46 IST" skipped="0">
  <testcase classname="scripts.ToVerifyThatUserAddProductToWishlist" name="tc5" time="10.619"/>
  <system-out/>
</testsuite> <!-- scripts.ToVerifyThatUserAddProductToWishlist -->
