<?xml version="1.0" encoding="UTF-8"?>
<!-- Generated by org.testng.reporters.JUnitReportReporter -->
<testsuite hostname="LAPTOP-EKHVOIMF" failures="0" tests="1" name="scripts.To_Varify_that_User_Ragister_with_Valid_Data" time="15.071" errors="0" timestamp="2023-12-01T21:23:37 IST" skipped="0">
  <testcase classname="scripts.To_Varify_that_User_Ragister_with_Valid_Data" name="tc3" time="15.071"/>
  <system-out/>
</testsuite> <!-- scripts.To_Varify_that_User_Ragister_with_Valid_Data -->
