<?xml version="1.0" encoding="UTF-8"?>
<!-- Generated by org.testng.reporters.JUnitReportReporter -->
<testsuite hostname="LAPTOP-EKHVOIMF" failures="0" tests="1" name="scripts.To_Varify_that_User_Ragister_with_Valid_Data" time="14.781" errors="0" timestamp="2023-11-28T22:11:17 IST" skipped="0">
  <testcase classname="scripts.To_Varify_that_User_Ragister_with_Valid_Data" name="tc3" time="14.781"/>
  <system-out/>
</testsuite> <!-- scripts.To_Varify_that_User_Ragister_with_Valid_Data -->
