<?xml version="1.0" encoding="UTF-8"?>
<!-- Generated by org.testng.reporters.JUnitReportReporter -->
<testsuite hostname="LAPTOP-EKHVOIMF" failures="0" tests="1" name="scripts.openLoginPage" time="13.286" errors="0" timestamp="2023-11-27T14:57:50 IST" skipped="0">
  <testcase classname="scripts.openLoginPage" name="tc1" time="13.286"/>
  <system-out/>
</testsuite> <!-- scripts.openLoginPage -->
