<?xml version="1.0" encoding="UTF-8"?>
<!-- Generated by org.testng.reporters.JUnitReportReporter -->
<testsuite hostname="LAPTOP-EKHVOIMF" failures="0" tests="1" name="scripts.UserSearchaProductInWelcomePage" time="8.039" errors="0" timestamp="2023-12-01T21:23:37 IST" skipped="0">
  <testcase classname="scripts.UserSearchaProductInWelcomePage" name="tc08" time="8.039"/>
  <system-out/>
</testsuite> <!-- scripts.UserSearchaProductInWelcomePage -->
