<?xml version="1.0" encoding="UTF-8"?>
<!-- Generated by org.testng.reporters.JUnitReportReporter -->
<testsuite hostname="LAPTOP-EKHVOIMF" failures="0" tests="1" name="scripts.Ragister_User" time="18.492" errors="0" timestamp="2023-11-27T21:07:09 IST" skipped="0">
  <testcase classname="scripts.Ragister_User" name="tc1" time="18.492"/>
  <system-out/>
</testsuite> <!-- scripts.Ragister_User -->
