<?xml version="1.0" encoding="UTF-8"?>
<!-- Generated by org.testng.reporters.JUnitReportReporter -->
<testsuite hostname="LAPTOP-EKHVOIMF" failures="0" tests="1" name="scripts.ToVerifyAlertPopUpDuringSearchOperation" time="7.181" errors="0" timestamp="2023-12-02T11:07:46 IST" skipped="0">
  <testcase classname="scripts.ToVerifyAlertPopUpDuringSearchOperation" name="tc9" time="7.181"/>
  <system-out/>
</testsuite> <!-- scripts.ToVerifyAlertPopUpDuringSearchOperation -->
